Streaming transaction logs mentioning Cb8qWGvvf8WVtwkUXwmmcYKcQH4fpr6D4oD56h58ttpA. Confirmed commitment
Transaction executed in slot 247669347:
  Signature: MjkUexQuq49vq376R8HHt81Hf1WHmmArGkamrpcF5ANLBYEgEoajqXfwbsLZwE3CmjvXbJgz2uezpwnfEdcZTLh
  Status: Ok
  Log Messages:
    Program Cb8qWGvvf8WVtwkUXwmmcYKcQH4fpr6D4oD56h58ttpA invoke [1]
    Program log: Instruction: AddMessage
    Program 11111111111111111111111111111111 invoke [2]
    Program 11111111111111111111111111111111 success
    Program Cb8qWGvvf8WVtwkUXwmmcYKcQH4fpr6D4oD56h58ttpA consumed 6910 of 200000 compute units
    Program Cb8qWGvvf8WVtwkUXwmmcYKcQH4fpr6D4oD56h58ttpA success
Transaction executed in slot 247669348:
  Signature: MjkUexQuq49vq376R8HHt81Hf1WHmmArGkamrpcF5ANLBYEgEoajqXfwbsLZwE3CmjvXbJgz2uezpwnfEdcZTLh
  Status: Ok
  Log Messages:
    Program Cb8qWGvvf8WVtwkUXwmmcYKcQH4fpr6D4oD56h58ttpA invoke [1]
    Program log: Instruction: AddMessage
    Program 11111111111111111111111111111111 invoke [2]
    Program 11111111111111111111111111111111 success
    Program Cb8qWGvvf8WVtwkUXwmmcYKcQH4fpr6D4oD56h58ttpA consumed 6910 of 200000 compute units
    Program Cb8qWGvvf8WVtwkUXwmmcYKcQH4fpr6D4oD56h58ttpA success
